[error] modules/core/shared/src/main/scala-3.0+/eu/timepit/refined/collection.scala:94:5: error: [RefinedMacro] macroに書き換え必要
[error]     implicit def countValidate[A, PA, RA, PC, RC, T](implicit
[error]     ^
[error] modules/core/shared/src/main/scala-3.0+/eu/timepit/refined/collection.scala:128:5: error: [RefinedMacro] macroに書き換え必要
[error]     implicit def forallValidate[A, P, R, T[a] <: Iterable[a]](implicit
[error]     ^
[error] modules/core/shared/src/main/scala-3.0+/eu/timepit/refined/collection.scala:143:5: error: [RefinedMacro] macroに書き換え必要
[error]     implicit def forallValidateView[A, P, R, T](implicit
[error]     ^
[error] modules/core/shared/src/main/scala-3.0+/eu/timepit/refined/collection.scala:151:5: error: [RefinedMacro] macroに書き換え必要
[error]     implicit def headValidate[A, P, R, T[a] <: Iterable[a]](implicit
[error]     ^
[error] modules/core/shared/src/main/scala-3.0+/eu/timepit/refined/collection.scala:169:5: error: [RefinedMacro] macroに書き換え必要
[error]     implicit def headValidateView[A, P, R, T](implicit
[error]     ^
[error] modules/core/shared/src/main/scala-3.0+/eu/timepit/refined/collection.scala:177:5: error: [RefinedMacro] macroに書き換え必要
[error]     implicit def indexValidate[A, P, R, N <: Int, T](implicit
[error]     ^
[error] modules/core/shared/src/main/scala-3.0+/eu/timepit/refined/collection.scala:204:5: error: [RefinedMacro] macroに書き換え必要
[error]     implicit def initValidate[A, P, R, T[a] <: Iterable[a]](implicit
[error]     ^
[error] modules/core/shared/src/main/scala-3.0+/eu/timepit/refined/collection.scala:219:5: error: [RefinedMacro] macroに書き換え必要
[error]     implicit def initValidateView[A, P, R, T](implicit
[error]     ^
[error] modules/core/shared/src/main/scala-3.0+/eu/timepit/refined/collection.scala:227:5: error: [RefinedMacro] macroに書き換え必要
[error]     implicit def lastValidate[A, P, R, T[a] <: Iterable[a]](implicit
[error]     ^
[error] modules/core/shared/src/main/scala-3.0+/eu/timepit/refined/collection.scala:245:5: error: [RefinedMacro] macroに書き換え必要
[error]     implicit def lastValidateView[A, P, R, T](implicit
[error]     ^
[error] modules/core/shared/src/main/scala-3.0+/eu/timepit/refined/collection.scala:253:5: error: [RefinedMacro] macroに書き換え必要
[error]     implicit def sizeValidate[T, P, RP](implicit
[error]     ^
[error] modules/core/shared/src/main/scala-3.0+/eu/timepit/refined/collection.scala:277:5: error: [RefinedMacro] macroに書き換え必要
[error]     implicit def tailValidate[A, P, R, T[a] <: Iterable[a]](implicit
[error]     ^
[error] modules/core/shared/src/main/scala-3.0+/eu/timepit/refined/collection.scala:292:5: error: [RefinedMacro] macroに書き換え必要
[error]     implicit def tailValidateView[A, P, R, T](implicit
[error]     ^
[error] modules/core/shared/src/main/scala-3.0+/eu/timepit/refined/boolean.scala:55:5: error: [RefinedMacro] macroに書き換え必要
[error]     implicit def notValidate[T, P, R](implicit
[error]     ^
[error] modules/core/shared/src/main/scala-3.0+/eu/timepit/refined/boolean.scala:81:5: error: [RefinedMacro] macroに書き換え必要
[error]     implicit def andValidate[T, A, RA, B, RB](implicit
[error]     ^
[error] modules/core/shared/src/main/scala-3.0+/eu/timepit/refined/boolean.scala:114:5: error: [RefinedMacro] macroに書き換え必要
[error]     implicit def orValidate[T, A, RA, B, RB](implicit
[error]     ^
[error] modules/core/shared/src/main/scala-3.0+/eu/timepit/refined/boolean.scala:147:5: error: [RefinedMacro] macroに書き換え必要
[error]     implicit def xorValidate[T, A, RA, B, RB](implicit
[error]     ^
[error] modules/core/shared/src/main/scala-3.0+/eu/timepit/refined/boolean.scala:183:5: error: [RefinedMacro] macroに書き換え必要
[error]     implicit def allOfTupleConsValidate[T, PH, RH, PT <: Tuple, RT <: Tuple](implicit
[error]     ^
[error] modules/core/shared/src/main/scala-3.0+/eu/timepit/refined/boolean.scala:208:5: error: [RefinedMacro] macroに書き換え必要
[error]     implicit def anyOfHConsValidate[T, PH, RH, PT <: Tuple, RT <: Tuple](implicit
[error]     ^
